<?xml version="1.0" encoding="UTF-8"?>
<testsuite xmlns:xsi="http://www.w3.org/2001/XMLSchema-instance" xsi:noNamespaceSchemaLocation="https://maven.apache.org/surefire/maven-surefire-plugin/xsd/surefire-test-report-3.0.xsd" version="3.0" name="TestSuite" time="253.093" tests="17" errors="0" skipped="0" failures="0">
  <properties>
[...]
</properties>
  <testcase name="runScenario[&quot;Verify cart page loads and shows empty cart message&quot;, &quot;Cart Smoke Tests&quot;](1)" classname="runner.TestRunner" time="21.337">
    <system-out><![CDATA[
@smoke
Scenario: Verify cart page loads and shows empty cart message # src/test/resources/features/AddToCart.feature:7
  Given user is on the Home page                              # steps.AddToCartSteps.user_is_on_the_home_page()
  When user navigates to the cart page                        # steps.AddToCartSteps.user_navigates_to_the_cart_page()
  Then the empty cart message should be visible               # steps.AddToCartSteps.the_empty_cart_message_should_be_visible()
]]></system-out>
    <system-err><![CDATA[SLF4J: Failed to load class "org.slf4j.impl.StaticLoggerBinder".
SLF4J: Defaulting to no-operation (NOP) logger implementation
SLF4J: See http://www.slf4j.org/codes.html#StaticLoggerBinder for further details.
Apr 06, 2026 5:30:18 PM org.openqa.selenium.devtools.CdpVersionFinder findNearestMatch
WARNING: Unable to find CDP implementation matching 146
Apr 06, 2026 5:30:18 PM org.openqa.selenium.chromium.ChromiumDriver lambda$new$5
WARNING: Unable to find version of CDP to use for 146.0.7680.178. You may need to include a dependency on a specific version of the CDP using something similar to `org.seleniumhq.selenium:selenium-devtools-v86:4.14.0` where the version ("v86") matches the version of the chromium-based browser you're using and the version number of the artifact is the same as Selenium's.
]]></system-err>
  </testcase>
  <testcase name="runScenario[&quot;Verify product page loads successfully&quot;, &quot;Cart Smoke Tests&quot;](2)" classname="runner.TestRunner" time="15.668">
    <system-out><![CDATA[
@smoke
Scenario: Verify product page loads successfully                          # src/test/resources/features/AddToCart.feature:13
  Given user is on the Home page                                          # steps.AddToCartSteps.user_is_on_the_home_page()
  When user opens a product                                               # steps.AddToCartSteps.user_opens_a_product()
  Then the product title, price, and Add to Cart button should be visible # steps.AddToCartSteps.product_details_should_be_visible()
]]></system-out>
    <system-err><![CDATA[Apr 06, 2026 5:30:34 PM org.openqa.selenium.devtools.CdpVersionFinder findNearestMatch
WARNING: Unable to find CDP implementation matching 146
Apr 06, 2026 5:30:34 PM org.openqa.selenium.chromium.ChromiumDriver lambda$new$5
WARNING: Unable to find version of CDP to use for 146.0.7680.178. You may need to include a dependency on a specific version of the CDP using something similar to `org.seleniumhq.selenium:selenium-devtools-v86:4.14.0` where the version ("v86") matches the version of the chromium-based browser you're using and the version number of the artifact is the same as Selenium's.
]]></system-err>
  </testcase>
  <testcase name="runScenario[&quot;Verify user can add a product to the cart&quot;, &quot;Cart Smoke Tests&quot;](3)" classname="runner.TestRunner" time="18.89">
    <system-out><![CDATA[
@smoke
Scenario: Verify user can add a product to the cart # src/test/resources/features/AddToCart.feature:19
  Given user is on the Home page                    # steps.AddToCartSteps.user_is_on_the_home_page()
  When user opens a product                         # steps.AddToCartSteps.user_opens_a_product()
  And user adds the product to the cart             # steps.AddToCartSteps.user_adds_the_product_to_the_cart()
  And the cart should show 1 item                   # steps.AddToCartSteps.the_cart_should_show_1_item()
]]></system-out>
    <system-err><![CDATA[Apr 06, 2026 5:30:50 PM org.openqa.selenium.devtools.CdpVersionFinder findNearestMatch
WARNING: Unable to find CDP implementation matching 146
Apr 06, 2026 5:30:50 PM org.openqa.selenium.chromium.ChromiumDriver lambda$new$5
WARNING: Unable to find version of CDP to use for 146.0.7680.178. You may need to include a dependency on a specific version of the CDP using something similar to `org.seleniumhq.selenium:selenium-devtools-v86:4.14.0` where the version ("v86") matches the version of the chromium-based browser you're using and the version number of the artifact is the same as Selenium's.
]]></system-err>
  </testcase>
  <testcase name="runScenario[&quot;Verify homepage loads with essential UI elements&quot;, &quot;Home Page Smoke Tests&quot;](4)" classname="runner.TestRunner" time="11.292">
    <system-out><![CDATA[
@smoke
Scenario: Verify homepage loads with essential UI elements # src/test/resources/features/HomePage.feature:7
  Given user navigates to the homepage                     # steps.HomePageSteps.user_is_on_the_homepage()
  Then left navigation panel should be visible             # steps.HomePageSteps.left_navigation_panel_should_be_visible()
  And featured products section should be visible          # steps.HomePageSteps.featured_products_section_should_be_visible()
  And each product card should be visible                  # steps.HomePageSteps.each_product_card_should_be_visible()
  And product images should be visible                     # steps.HomePageSteps.product_images_should_be_visible()
  And cart link should be visible                          # steps.HomePageSteps.cart_link_should_be_visible()
  And checkout link should be visible                      # steps.HomePageSteps.checkout_link_should_be_visible()
  And footer should be visible                             # steps.HomePageSteps.footer_should_be_visible()
]]></system-out>
    <system-err><![CDATA[Apr 06, 2026 5:31:08 PM org.openqa.selenium.devtools.CdpVersionFinder findNearestMatch
WARNING: Unable to find CDP implementation matching 146
Apr 06, 2026 5:31:08 PM org.openqa.selenium.chromium.ChromiumDriver lambda$new$5
WARNING: Unable to find version of CDP to use for 146.0.7680.178. You may need to include a dependency on a specific version of the CDP using something similar to `org.seleniumhq.selenium:selenium-devtools-v86:4.14.0` where the version ("v86") matches the version of the chromium-based browser you're using and the version number of the artifact is the same as Selenium's.
]]></system-err>
  </testcase>
  <testcase name="runScenario[&quot;Successful Login&quot;, &quot;SauceDemo Login&quot;](5)" classname="runner.TestRunner" time="13.081">
    <system-out><![CDATA[
@smoke
Scenario: Successful Login                       # src/test/resources/features/LoginSteps.feature:4
Opened SauceDemo Login Page
  Given the user is on the login page            # steps.LoginSteps.openLoginPage()
Entered valid credentials
  When the user enters valid login credentials   # steps.LoginSteps.enterValidCredentials()
Login Successful
  Then the user should be logged in successfully # steps.LoginSteps.verifyLogin()
]]></system-out>
    <system-err><![CDATA[Apr 06, 2026 5:31:19 PM org.openqa.selenium.devtools.CdpVersionFinder findNearestMatch
WARNING: Unable to find CDP implementation matching 146
Apr 06, 2026 5:31:19 PM org.openqa.selenium.chromium.ChromiumDriver lambda$new$5
WARNING: Unable to find version of CDP to use for 146.0.7680.178. You may need to include a dependency on a specific version of the CDP using something similar to `org.seleniumhq.selenium:selenium-devtools-v86:4.14.0` where the version ("v86") matches the version of the chromium-based browser you're using and the version number of the artifact is the same as Selenium's.
]]></system-err>
  </testcase>
  <testcase name="runScenario[&quot;Logout&quot;, &quot;SauceDemo Login&quot;](6)" classname="runner.TestRunner" time="14.964">
    <system-out><![CDATA[
@smoke
Scenario: Logout                                       # src/test/resources/features/LoginSteps.feature:10
Opened SauceDemo Login Page
  Given the user is on the login page                  # steps.LoginSteps.openLoginPage()
Entered valid credentials
  When the user enters valid login credentials         # steps.LoginSteps.enterValidCredentials()
Login Successful
  Then the user should be logged in successfully       # steps.LoginSteps.verifyLogin()
✅ Logout clicked successfully
  And the user clicks the Logout link                  # steps.LogoutSteps.clickLogout()
✅ User redirected to login page successfully
  Then the user should be redirected to the login page # steps.LogoutSteps.verifyLogout()
]]></system-out>
    <system-err><![CDATA[Apr 06, 2026 5:31:34 PM org.openqa.selenium.devtools.CdpVersionFinder findNearestMatch
WARNING: Unable to find CDP implementation matching 146
Apr 06, 2026 5:31:34 PM org.openqa.selenium.chromium.ChromiumDriver lambda$new$5
WARNING: Unable to find version of CDP to use for 146.0.7680.178. You may need to include a dependency on a specific version of the CDP using something similar to `org.seleniumhq.selenium:selenium-devtools-v86:4.14.0` where the version ("v86") matches the version of the chromium-based browser you're using and the version number of the artifact is the same as Selenium's.
]]></system-err>
  </testcase>
  <testcase name="runScenario[&quot;Verify Catalog link opens the collection page&quot;, &quot;Navigation Links Smoke Suite&quot;](7)" classname="runner.TestRunner" time="15.196">
    <system-out><![CDATA[
@smoke
Scenario: Verify Catalog link opens the collection page # src/test/resources/features/NavigationLinks.feature:7
  Given user is on the homepage                         # steps.NavigationLinksSteps.user_is_on_the_homepage()
  When user clicks the Catalog link                     # steps.NavigationLinksSteps.user_clicks_the_catalog_link()
  Then collection page should load                      # steps.NavigationLinksSteps.collection_page_should_load()
]]></system-out>
    <system-err><![CDATA[Apr 06, 2026 5:31:48 PM org.openqa.selenium.devtools.CdpVersionFinder findNearestMatch
WARNING: Unable to find CDP implementation matching 146
Apr 06, 2026 5:31:48 PM org.openqa.selenium.chromium.ChromiumDriver lambda$new$5
WARNING: Unable to find version of CDP to use for 146.0.7680.178. You may need to include a dependency on a specific version of the CDP using something similar to `org.seleniumhq.selenium:selenium-devtools-v86:4.14.0` where the version ("v86") matches the version of the chromium-based browser you're using and the version number of the artifact is the same as Selenium's.
]]></system-err>
  </testcase>
  <testcase name="runScenario[&quot;Verify Blog link opens the blog page&quot;, &quot;Navigation Links Smoke Suite&quot;](8)" classname="runner.TestRunner" time="14.281">
    <system-out><![CDATA[
@smoke
Scenario: Verify Blog link opens the blog page # src/test/resources/features/NavigationLinks.feature:13
  Given user is on the homepage                # steps.NavigationLinksSteps.user_is_on_the_homepage()
  When user clicks the Blog link               # steps.NavigationLinksSteps.user_clicks_the_blog_link()
  Then blog page should load                   # steps.NavigationLinksSteps.blog_page_should_load()
]]></system-out>
    <system-err><![CDATA[Apr 06, 2026 5:32:03 PM org.openqa.selenium.devtools.CdpVersionFinder findNearestMatch
WARNING: Unable to find CDP implementation matching 146
Apr 06, 2026 5:32:03 PM org.openqa.selenium.chromium.ChromiumDriver lambda$new$5
WARNING: Unable to find version of CDP to use for 146.0.7680.178. You may need to include a dependency on a specific version of the CDP using something similar to `org.seleniumhq.selenium:selenium-devtools-v86:4.14.0` where the version ("v86") matches the version of the chromium-based browser you're using and the version number of the artifact is the same as Selenium's.
]]></system-err>
  </testcase>
  <testcase name="runScenario[&quot;Verify left navigation About Us link opens the About page&quot;, &quot;Navigation Links Smoke Suite&quot;](9)" classname="runner.TestRunner" time="14.809">
    <system-out><![CDATA[
@smoke
Scenario: Verify left navigation About Us link opens the About page # src/test/resources/features/NavigationLinks.feature:19
  Given user is on the homepage                                     # steps.NavigationLinksSteps.user_is_on_the_homepage()
  When user clicks the left navigation About Us link                # steps.NavigationLinksSteps.user_clicks_the_left_navigation_about_us_link()
  Then about page should load                                       # steps.NavigationLinksSteps.about_page_should_load()
]]></system-out>
    <system-err><![CDATA[Apr 06, 2026 5:32:18 PM org.openqa.selenium.devtools.CdpVersionFinder findNearestMatch
WARNING: Unable to find CDP implementation matching 146
Apr 06, 2026 5:32:18 PM org.openqa.selenium.chromium.ChromiumDriver lambda$new$5
WARNING: Unable to find version of CDP to use for 146.0.7680.178. You may need to include a dependency on a specific version of the CDP using something similar to `org.seleniumhq.selenium:selenium-devtools-v86:4.14.0` where the version ("v86") matches the version of the chromium-based browser you're using and the version number of the artifact is the same as Selenium's.
]]></system-err>
  </testcase>
  <testcase name="runScenario[&quot;Verify Checkout link opens the cart page&quot;, &quot;Navigation Links Smoke Suite&quot;](10)" classname="runner.TestRunner" time="13.158">
    <system-out><![CDATA[
@smoke
Scenario: Verify Checkout link opens the cart page # src/test/resources/features/NavigationLinks.feature:26
  Given user is on the homepage                    # steps.NavigationLinksSteps.user_is_on_the_homepage()
  When user clicks the cart link                   # steps.NavigationLinksSteps.user_clicks_the_checkout_link()
  Then cart page should load                       # steps.NavigationLinksSteps.checkout_page_should_load()
]]></system-out>
    <system-err><![CDATA[Apr 06, 2026 5:32:33 PM org.openqa.selenium.devtools.CdpVersionFinder findNearestMatch
WARNING: Unable to find CDP implementation matching 146
Apr 06, 2026 5:32:33 PM org.openqa.selenium.chromium.ChromiumDriver lambda$new$5
WARNING: Unable to find version of CDP to use for 146.0.7680.178. You may need to include a dependency on a specific version of the CDP using something similar to `org.seleniumhq.selenium:selenium-devtools-v86:4.14.0` where the version ("v86") matches the version of the chromium-based browser you're using and the version number of the artifact is the same as Selenium's.
]]></system-err>
  </testcase>
  <testcase name="runScenario[&quot;Verify footer Search link opens the search page&quot;, &quot;Navigation Links Smoke Suite&quot;](11)" classname="runner.TestRunner" time="14.057">
    <system-out><![CDATA[
@smoke
Scenario: Verify footer Search link opens the search page # src/test/resources/features/NavigationLinks.feature:32
  Given user is on the homepage                           # steps.NavigationLinksSteps.user_is_on_the_homepage()
  When user clicks the footer Search link                 # steps.NavigationLinksSteps.user_clicks_the_footer_search_link()
  Then search page should load                            # steps.NavigationLinksSteps.search_page_should_load()
]]></system-out>
    <system-err><![CDATA[Apr 06, 2026 5:32:45 PM org.openqa.selenium.devtools.CdpVersionFinder findNearestMatch
WARNING: Unable to find CDP implementation matching 146
Apr 06, 2026 5:32:45 PM org.openqa.selenium.chromium.ChromiumDriver lambda$new$5
WARNING: Unable to find version of CDP to use for 146.0.7680.178. You may need to include a dependency on a specific version of the CDP using something similar to `org.seleniumhq.selenium:selenium-devtools-v86:4.14.0` where the version ("v86") matches the version of the chromium-based browser you're using and the version number of the artifact is the same as Selenium's.
]]></system-err>
  </testcase>
  <testcase name="runScenario[&quot;Verify footer About Us link opens the About Us page&quot;, &quot;Navigation Links Smoke Suite&quot;](12)" classname="runner.TestRunner" time="13.001">
    <system-out><![CDATA[
@smoke
Scenario: Verify footer About Us link opens the About Us page # src/test/resources/features/NavigationLinks.feature:38
  Given user is on the homepage                               # steps.NavigationLinksSteps.user_is_on_the_homepage()
  When user clicks the footer About Us link                   # steps.NavigationLinksSteps.user_clicks_the_footer_about_us_link()
  Then about page should load                                 # steps.NavigationLinksSteps.about_page_should_load()
]]></system-out>
    <system-err><![CDATA[Apr 06, 2026 5:32:58 PM org.openqa.selenium.devtools.CdpVersionFinder findNearestMatch
WARNING: Unable to find CDP implementation matching 146
Apr 06, 2026 5:32:58 PM org.openqa.selenium.chromium.ChromiumDriver lambda$new$5
WARNING: Unable to find version of CDP to use for 146.0.7680.178. You may need to include a dependency on a specific version of the CDP using something similar to `org.seleniumhq.selenium:selenium-devtools-v86:4.14.0` where the version ("v86") matches the version of the chromium-based browser you're using and the version number of the artifact is the same as Selenium's.
]]></system-err>
  </testcase>
  <testcase name="runScenario[&quot;Search bar is visible and accepts input&quot;, &quot;Search Smoke Tests&quot;](13)" classname="runner.TestRunner" time="11.443">
    <system-out><![CDATA[
@smoke
Scenario: Search bar is visible and accepts input      # src/test/resources/features/SearchFunctionality.feature:7
  Given I am on the home page                          # steps.SearchSteps.i_am_on_the_home_page()
  Then the search bar should be visible                # steps.SearchSteps.the_search_bar_should_be_visible()
  When I type into the search bar                      # steps.SearchSteps.i_type_into_the_search_bar()
  Then the search input should contain the typed value # steps.SearchSteps.the_search_input_should_contain_the_typed_value()
]]></system-out>
    <system-err><![CDATA[Apr 06, 2026 5:33:11 PM org.openqa.selenium.devtools.CdpVersionFinder findNearestMatch
WARNING: Unable to find CDP implementation matching 146
Apr 06, 2026 5:33:11 PM org.openqa.selenium.chromium.ChromiumDriver lambda$new$5
WARNING: Unable to find version of CDP to use for 146.0.7680.178. You may need to include a dependency on a specific version of the CDP using something similar to `org.seleniumhq.selenium:selenium-devtools-v86:4.14.0` where the version ("v86") matches the version of the chromium-based browser you're using and the version number of the artifact is the same as Selenium's.
]]></system-err>
  </testcase>
  <testcase name="runScenario[&quot;Valid search returns results&quot;, &quot;Search Smoke Tests&quot;](14)" classname="runner.TestRunner" time="14.111">
    <system-out><![CDATA[
@smoke
Scenario: Valid search returns results       # src/test/resources/features/SearchFunctionality.feature:14
  Given I am on the home page                # steps.SearchSteps.i_am_on_the_home_page()
  When I search for "Noir Jacket"            # steps.SearchSteps.i_search_for(java.lang.String)
  Then search results should be displayed    # steps.SearchSteps.search_results_should_be_displayed()
  And at least one product should be visible # steps.SearchSteps.at_least_one_product_should_be_visible()
]]></system-out>
    <system-err><![CDATA[Apr 06, 2026 5:33:23 PM org.openqa.selenium.devtools.CdpVersionFinder findNearestMatch
WARNING: Unable to find CDP implementation matching 146
Apr 06, 2026 5:33:23 PM org.openqa.selenium.chromium.ChromiumDriver lambda$new$5
WARNING: Unable to find version of CDP to use for 146.0.7680.178. You may need to include a dependency on a specific version of the CDP using something similar to `org.seleniumhq.selenium:selenium-devtools-v86:4.14.0` where the version ("v86") matches the version of the chromium-based browser you're using and the version number of the artifact is the same as Selenium's.
]]></system-err>
  </testcase>
  <testcase name="runScenario[&quot;Invalid search shows no results message&quot;, &quot;Search Smoke Tests&quot;](15)" classname="runner.TestRunner" time="15.306">
    <system-out><![CDATA[
@smoke
Scenario: Invalid search shows no results message # src/test/resources/features/SearchFunctionality.feature:21
  Given I am on the home page                     # steps.SearchSteps.i_am_on_the_home_page()
  When I search for "Blue Shade"                  # steps.SearchSteps.i_search_for(java.lang.String)
  Then a no results message should be displayed   # steps.SearchSteps.a_no_results_message_should_be_displayed()
  And no products should be visible               # steps.SearchSteps.no_products_should_be_visible()
]]></system-out>
    <system-err><![CDATA[Apr 06, 2026 5:33:38 PM org.openqa.selenium.devtools.CdpVersionFinder findNearestMatch
WARNING: Unable to find CDP implementation matching 146
Apr 06, 2026 5:33:38 PM org.openqa.selenium.chromium.ChromiumDriver lambda$new$5
WARNING: Unable to find version of CDP to use for 146.0.7680.178. You may need to include a dependency on a specific version of the CDP using something similar to `org.seleniumhq.selenium:selenium-devtools-v86:4.14.0` where the version ("v86") matches the version of the chromium-based browser you're using and the version number of the artifact is the same as Selenium's.
]]></system-err>
  </testcase>
  <testcase name="runScenario[&quot;Clicking a search result opens product details page&quot;, &quot;Search Smoke Tests&quot;](16)" classname="runner.TestRunner" time="19.101">
    <system-out><![CDATA[
@smoke
Scenario: Clicking a search result opens product details page # src/test/resources/features/SearchFunctionality.feature:28
  Given I am on the home page                                 # steps.SearchSteps.i_am_on_the_home_page()
  When I search for "Noir Jacket"                             # steps.SearchSteps.i_search_for(java.lang.String)
  And I click the first product in search results             # steps.SearchSteps.i_click_the_first_product_in_search_results()
  Then the product details page should be displayed           # steps.SearchSteps.the_product_details_page_should_be_displayed()
]]></system-out>
    <system-err><![CDATA[Apr 06, 2026 5:33:54 PM org.openqa.selenium.devtools.CdpVersionFinder findNearestMatch
WARNING: Unable to find CDP implementation matching 146
Apr 06, 2026 5:33:54 PM org.openqa.selenium.chromium.ChromiumDriver lambda$new$5
WARNING: Unable to find version of CDP to use for 146.0.7680.178. You may need to include a dependency on a specific version of the CDP using something similar to `org.seleniumhq.selenium:selenium-devtools-v86:4.14.0` where the version ("v86") matches the version of the chromium-based browser you're using and the version number of the artifact is the same as Selenium's.
]]></system-err>
  </testcase>
  <testcase name="runScenario[&quot;User tries to signup&quot;, &quot;SauceDemo Signup (Demo Simulation)&quot;](17)" classname="runner.TestRunner" time="11.775">
    <system-out><![CDATA[
@smoke @regression
Scenario: User tries to signup                       # src/test/resources/features/SignUp.feature:4
Opened SauceDemo Login Page
  Given the user is on the login page                # steps.LoginSteps.openLoginPage()
Entered invalid credentials
  When the user enters invalid username and password # steps.LoginSteps.enterInvalidCredentials()
Error message: Epic sadface: Username and password do not match any user in this service
  Then the user should see an error message          # steps.LoginSteps.verifyErrorMessage()
]]></system-out>
    <system-err><![CDATA[Apr 06, 2026 5:34:11 PM org.openqa.selenium.devtools.CdpVersionFinder findNearestMatch
WARNING: Unable to find CDP implementation matching 146
Apr 06, 2026 5:34:11 PM org.openqa.selenium.chromium.ChromiumDriver lambda$new$5
WARNING: Unable to find version of CDP to use for 146.0.7680.178. You may need to include a dependency on a specific version of the CDP using something similar to `org.seleniumhq.selenium:selenium-devtools-v86:4.14.0` where the version ("v86") matches the version of the chromium-based browser you're using and the version number of the artifact is the same as Selenium's.
]]></system-err>
  </testcase>
</testsuite>