<?xml version="1.0" encoding="UTF-8"?>
<!-- Generated by org.testng.reporters.JUnitReportReporter -->
<testsuite hostname="DESKTOP-6ELOEG4" failures="1" tests="3" name="runner.SmokeTestRunner" time="20.404" errors="1" timestamp="2026-02-12T18:27:44 EST" skipped="0">
  <testcase classname="runner.SmokeTestRunner" name="runScenario" time="9.076">
    <failure message="expected [true] but found [false]" type="java.lang.AssertionError">
      <![CDATA[java.lang.AssertionError: expected [true] but found [false]
at org.testng.Assert.fail(Assert.java:111)
at org.testng.Assert.failNotEquals(Assert.java:1578)
at org.testng.Assert.assertTrue(Assert.java:57)
at org.testng.Assert.assertTrue(Assert.java:67)
at steps.SignUpStep.validation_messages_should_be_displayed_for_all_required_fields(SignUpStep.java:67)
at ✽.validation messages should be displayed for all required fields(file:///C:/Users/OWNER/Eclipse-Workspace/SauceDemo/src/test/resources/features/SignUp.feature:17)
]]>
    </failure>
  </testcase> <!-- runScenario -->
  <testcase classname="runner.SmokeTestRunner" name="runScenario" time="3.211">
    <error message="element not interactable
  (Session info: chrome=144.0.7559.133)
Build info: version: &#039;4.21.0&#039;, revision: &#039;79ed462ef4&#039;
System info: os.name: &#039;Windows 11&#039;, os.arch: &#039;amd64&#039;, os.version: &#039;10.0&#039;, java.version: &#039;21.0.6&#039;
Driver info: org.openqa.selenium.chrome.ChromeDriver
Command: [3a08f8288f8bf2e6555aed23df868c04, sendKeysToElement {value=[Ljava.lang.CharSequence;@55d9b8f0, id=f.9C8860B0E88CE356CB2044196B4E2E44.d.F5138878CE8F7E44A428D24482B00A58.e.20}]
Capabilities {acceptInsecureCerts: false, browserName: chrome, browserVersion: 144.0.7559.133, chrome: {chromedriverVersion: 144.0.7559.133 (7da823b1d59..., userDataDir: C:\Users\OWNER\AppData\Loca...}, fedcm:accounts: true, goog:chromeOptions: {debuggerAddress: localhost:53850}, goog:processID: 15620, networkConnectionEnabled: false, pageLoadStrategy: normal, platformName: windows, proxy: Proxy(), se:cdp: ws://localhost:53850/devtoo..., se:cdpVersion: 144.0.7559.133, setWindowRect: true, strictFileInteractability: false, timeouts: {implicit: 0, pageLoad: 300000, script: 30000}, unhandledPromptBehavior: dismiss and notify, webauthn:extension:credBlob: true, webauthn:extension:largeBlob: true, webauthn:extension:minPinLength: true, webauthn:extension:prf: true, webauthn:virtualAuthenticators: true}
Element: [[ChromeDriver: chrome on windows (3a08f8288f8bf2e6555aed23df868c04)] -&gt; id: first_name]
Session ID: 3a08f8288f8bf2e6555aed23df868c04" type="org.openqa.selenium.ElementNotInteractableException">
      <![CDATA[org.openqa.selenium.ElementNotInteractableException: element not interactable
  (Session info: chrome=144.0.7559.133)
Build info: version: '4.21.0', revision: '79ed462ef4'
System info: os.name: 'Windows 11', os.arch: 'amd64', os.version: '10.0', java.version: '21.0.6'
Driver info: org.openqa.selenium.chrome.ChromeDriver
Command: [3a08f8288f8bf2e6555aed23df868c04, sendKeysToElement {value=[Ljava.lang.CharSequence;@55d9b8f0, id=f.9C8860B0E88CE356CB2044196B4E2E44.d.F5138878CE8F7E44A428D24482B00A58.e.20}]
Capabilities {acceptInsecureCerts: false, browserName: chrome, browserVersion: 144.0.7559.133, chrome: {chromedriverVersion: 144.0.7559.133 (7da823b1d59..., userDataDir: C:\Users\OWNER\AppData\Loca...}, fedcm:accounts: true, goog:chromeOptions: {debuggerAddress: localhost:53850}, goog:processID: 15620, networkConnectionEnabled: false, pageLoadStrategy: normal, platformName: windows, proxy: Proxy(), se:cdp: ws://localhost:53850/devtoo..., se:cdpVersion: 144.0.7559.133, setWindowRect: true, strictFileInteractability: false, timeouts: {implicit: 0, pageLoad: 300000, script: 30000}, unhandledPromptBehavior: dismiss and notify, webauthn:extension:credBlob: true, webauthn:extension:largeBlob: true, webauthn:extension:minPinLength: true, webauthn:extension:prf: true, webauthn:virtualAuthenticators: true}
Element: [[ChromeDriver: chrome on windows (3a08f8288f8bf2e6555aed23df868c04)] -> id: first_name]
Session ID: 3a08f8288f8bf2e6555aed23df868c04
at java.base/jdk.internal.reflect.DirectConstructorHandleAccessor.newInstance(DirectConstructorHandleAccessor.java:62)
at java.base/java.lang.reflect.Constructor.newInstanceWithCaller(Constructor.java:502)
at java.base/java.lang.reflect.Constructor.newInstance(Constructor.java:486)
at org.openqa.selenium.remote.ErrorCodec.decode(ErrorCodec.java:167)
at org.openqa.selenium.remote.codec.w3c.W3CHttpResponseCodec.decode(W3CHttpResponseCodec.java:138)
at org.openqa.selenium.remote.codec.w3c.W3CHttpResponseCodec.decode(W3CHttpResponseCodec.java:50)
at org.openqa.selenium.remote.HttpCommandExecutor.execute(HttpCommandExecutor.java:190)
at org.openqa.selenium.remote.service.DriverCommandExecutor.invokeExecute(DriverCommandExecutor.java:216)
at org.openqa.selenium.remote.service.DriverCommandExecutor.execute(DriverCommandExecutor.java:174)
at org.openqa.selenium.remote.RemoteWebDriver.execute(RemoteWebDriver.java:518)
at org.openqa.selenium.remote.RemoteWebElement.execute(RemoteWebElement.java:223)
at org.openqa.selenium.remote.RemoteWebElement.sendKeys(RemoteWebElement.java:110)
at steps.SignUpStep.the_user_enters_valid_first_name_last_name_email_and_password(SignUpStep.java:108)
at ✽.the user enters valid first name, last name, email, and password(file:///C:/Users/OWNER/Eclipse-Workspace/SauceDemo/src/test/resources/features/SignUp.feature:22)
]]>
    </error>
  </testcase> <!-- runScenario -->
  <testcase classname="runner.SmokeTestRunner" name="runScenario" time="8.117"/>
</testsuite> <!-- runner.SmokeTestRunner -->
