<?xml version="1.0" encoding="UTF-8"?>
<!-- Generated by org.testng.reporters.JUnitReportReporter -->
<testsuite hostname="Mac" failures="0" tests="17" name="runner.TestRunner" time="251.450" errors="0" timestamp="2026-04-06T17:34:19 EDT" skipped="0">
  <testcase classname="runner.TestRunner" name="runScenario" time="11.291"/>
  <testcase classname="runner.TestRunner" name="runScenario" time="13.156"/>
  <testcase classname="runner.TestRunner" name="runScenario" time="15.305"/>
  <testcase classname="runner.TestRunner" name="runScenario" time="15.673"/>
  <testcase classname="runner.TestRunner" name="runScenario" time="15.194"/>
  <testcase classname="runner.TestRunner" name="runScenario" time="14.280"/>
  <testcase classname="runner.TestRunner" name="runScenario" time="13.001"/>
  <testcase classname="runner.TestRunner" name="runScenario" time="11.441"/>
  <testcase classname="runner.TestRunner" name="runScenario" time="14.961"/>
  <testcase classname="runner.TestRunner" name="runScenario" time="21.328"/>
  <testcase classname="runner.TestRunner" name="runScenario" time="14.111"/>
  <testcase classname="runner.TestRunner" name="runScenario" time="18.890"/>
  <testcase classname="runner.TestRunner" name="runScenario" time="14.808"/>
  <testcase classname="runner.TestRunner" name="runScenario" time="11.774"/>
  <testcase classname="runner.TestRunner" name="runScenario" time="14.057"/>
  <testcase classname="runner.TestRunner" name="runScenario" time="19.100"/>
  <testcase classname="runner.TestRunner" name="runScenario" time="13.080"/>
</testsuite> <!-- runner.TestRunner -->
